0 silly argv {
0 silly argv   _: [ 'create' ],
0 silly argv   lernaVersion: '4.0.0',
0 silly argv   '$0': 'lerna',
0 silly argv   name: 'vue',
0 silly argv   loc: 'create'
0 silly argv }
1 notice cli v4.0.0
2 verbose rootPath /Users/yao/Documents/self/lerna/lerna-1
3 error Error: canceled
3 error     at Interface.<anonymous> (/Users/yao/Documents/self/lerna/lerna-1/node_modules/read/lib/read.js:66:13)
3 error     at Interface.emit (node:events:376:20)
3 error     at Interface._ttyWrite (node:readline:909:16)
3 error     at ReadStream.onkeypress (node:readline:234:10)
3 error     at ReadStream.emit (node:events:376:20)
3 error     at emitKeys (node:internal/readline/utils:358:14)
3 error     at emitKeys.next (<anonymous>)
3 error     at ReadStream.onData (node:readline:1178:36)
3 error     at ReadStream.emit (node:events:376:20)
3 error     at addChunk (node:internal/streams/readable:305:12)
3 error     at readableAddChunk (node:internal/streams/readable:280:9)
3 error     at ReadStream.Readable.push (node:internal/streams/readable:219:10)
